2017-09-18 20:18:17.108051, priority="Debug", class="Crypto", method="request_balances", action"Method called", request_id"ef751b0e-ce86-4af8-9ba3-95f5033171c8"
2017-09-18 20:18:17.108588, priority="Debug", class="Crypto", method="request_coin_balance", coin_request_id"89f80b70-865b-444c-8716-d94395eabc0e", request_id"ef751b0e-ce86-4af8-9ba3-95f5033171c8", action"Method called", coin"btc"
2017-09-18 20:18:17.109508, priority="Debug", class="Crypto", method="do_api_request", url"https://api.blockcypher.com/v1/btc/main/addrs/12st4BrVDSG4vJgkeXnPxvrSfnbHbdwGKT/balance", coin_request_id"89f80b70-865b-444c-8716-d94395eabc0e", request_id"ef751b0e-ce86-4af8-9ba3-95f5033171c8", action"Method called"
2017-09-18 20:18:17.109703, priority="Info", class="Crypto", method="do_api_request", url"https://api.blockcypher.com/v1/btc/main/addrs/12st4BrVDSG4vJgkeXnPxvrSfnbHbdwGKT/balance", coin_request_id"89f80b70-865b-444c-8716-d94395eabc0e", request_id"ef751b0e-ce86-4af8-9ba3-95f5033171c8", action"Placing API request"
2017-09-18 20:18:17.764766, priority="Info", class="Crypto", method="do_api_request", status"200", url"https://api.blockcypher.com/v1/btc/main/addrs/12st4BrVDSG4vJgkeXnPxvrSfnbHbdwGKT/balance", coin_request_id"89f80b70-865b-444c-8716-d94395eabc0e", result"Request received", request_id"ef751b0e-ce86-4af8-9ba3-95f5033171c8", data"{u'unconfirmed_n_tx': 1, u'total_sent': 0, u'total_received': 0, u'final_balance': 734343, u'unconfirmed_balance': 734343, u'address': u'12st4BrVDSG4vJgkeXnPxvrSfnbHbdwGKT', u'final_n_tx': 1, u'balance': 0, u'n_tx': 0}"
2017-09-18 20:18:17.764996, priority="Debug", class="Crypto", method="do_api_request", execution_time"0.655497074127", coin_request_id"89f80b70-865b-444c-8716-d94395eabc0e", request_id"ef751b0e-ce86-4af8-9ba3-95f5033171c8", action"Method finished"
2017-09-18 20:18:17.766253, priority="Debug", class="Crypto", method="calculate_value", coin"btc", coin_request_id"89f80b70-865b-444c-8716-d94395eabc0e", request_id"ef751b0e-ce86-4af8-9ba3-95f5033171c8", action"Method called", balance"0.0"
2017-09-18 20:18:17.766400, priority="Debug", class="Crypto", method="do_api_request", url"https://www.bitstamp.net/api/v2/ticker_hour/btceur/", coin_request_id"89f80b70-865b-444c-8716-d94395eabc0e", request_id"ef751b0e-ce86-4af8-9ba3-95f5033171c8", action"Method called"
2017-09-18 20:18:17.766516, priority="Info", class="Crypto", method="do_api_request", url"https://www.bitstamp.net/api/v2/ticker_hour/btceur/", coin_request_id"89f80b70-865b-444c-8716-d94395eabc0e", request_id"ef751b0e-ce86-4af8-9ba3-95f5033171c8", action"Placing API request"
2017-09-18 20:18:17.887532, priority="Info", class="Crypto", method="do_api_request", status"200", url"https://www.bitstamp.net/api/v2/ticker_hour/btceur/", coin_request_id"89f80b70-865b-444c-8716-d94395eabc0e", result"Request received", request_id"ef751b0e-ce86-4af8-9ba3-95f5033171c8", data"{u'volume': u'173.34019205', u'last': u'3385.07', u'timestamp': u'1505758696', u'bid': u'3385.01', u'vwap': u'3363.56', u'high': u'3399.99', u'low': u'3325.00', u'ask': u'3398.87', u'open': u'3380.01'}"
2017-09-18 20:18:17.887803, priority="Debug", class="Crypto", method="do_api_request", execution_time"0.121372938156", coin_request_id"89f80b70-865b-444c-8716-d94395eabc0e", request_id"ef751b0e-ce86-4af8-9ba3-95f5033171c8", action"Method finished"
2017-09-18 20:18:17.889054, priority="Debug", class="Crypto", method="write_balance_to_file", execution_time"0.12279009819", value"0.0", coin_request_id"89f80b70-865b-444c-8716-d94395eabc0e", request_id"ef751b0e-ce86-4af8-9ba3-95f5033171c8", action"Method finished"
2017-09-18 20:18:17.889230, priority="Debug", class="Crypto", method="request_coin_balance", file_name"btc_requests_rapport.csv", action"Method called", balance_coin"0.0", request_id"ef751b0e-ce86-4af8-9ba3-95f5033171c8", current_value"0.0", coin_request_id"89f80b70-865b-444c-8716-d94395eabc0e", balance_sat"0.0", coin"btc"
2017-09-18 20:18:17.889406, priority="Debug", class="General", method="append_to_file", action"Method called", file_name"btc_requests_rapport.csv", string""2017-09-18 20:18:17.889364","Anton","btc","0.0","0.0","0.0"
"
2017-09-18 20:18:17.889605, priority="Debug", class="General", method="append_to_file", action"Method finished", execution_time"0.000190019607544"
2017-09-18 20:18:17.889725, priority="Debug", class="Crypto", method="write_balance_to_file", execution_time"0.000489950180054", coin_request_id"89f80b70-865b-444c-8716-d94395eabc0e", request_id"ef751b0e-ce86-4af8-9ba3-95f5033171c8", action"Method finished"
2017-09-18 20:18:17.889861, priority="Debug", class="Crypto", method="request_coin_balance", execution_time"0.781272888184", coin_request_id"89f80b70-865b-444c-8716-d94395eabc0e", request_id"ef751b0e-ce86-4af8-9ba3-95f5033171c8", action"Method finished"
2017-09-18 20:19:30.928678, priority="Debug", class="Crypto", method="request_balances", action"Method called", request_id"92f6c535-6887-4d9c-a1e1-1d4287f2ac61"
2017-09-18 20:19:30.930251, priority="Debug", class="Crypto", method="request_coin_balance", coin_request_id"41063e2d-b21f-49ca-9796-24bfec347e24", request_id"92f6c535-6887-4d9c-a1e1-1d4287f2ac61", action"Method called", coin"btc"
2017-09-18 20:19:30.930425, priority="Debug", class="Crypto", method="do_api_request", url"https://api.blockcypher.com/v1/btc/main/addrs/12st4BrVDSG4vJgkeXnPxvrSfnbHbdwGKT/balance", coin_request_id"41063e2d-b21f-49ca-9796-24bfec347e24", request_id"92f6c535-6887-4d9c-a1e1-1d4287f2ac61", action"Method called"
2017-09-18 20:19:30.930543, priority="Info", class="Crypto", method="do_api_request", url"https://api.blockcypher.com/v1/btc/main/addrs/12st4BrVDSG4vJgkeXnPxvrSfnbHbdwGKT/balance", coin_request_id"41063e2d-b21f-49ca-9796-24bfec347e24", request_id"92f6c535-6887-4d9c-a1e1-1d4287f2ac61", action"Placing API request"
2017-09-18 20:19:31.565411, priority="Info", class="Crypto", method="do_api_request", status"200", url"https://api.blockcypher.com/v1/btc/main/addrs/12st4BrVDSG4vJgkeXnPxvrSfnbHbdwGKT/balance", coin_request_id"41063e2d-b21f-49ca-9796-24bfec347e24", result"Request received", request_id"92f6c535-6887-4d9c-a1e1-1d4287f2ac61", data"{u'unconfirmed_n_tx': 1, u'total_sent': 0, u'total_received': 0, u'final_balance': 734343, u'unconfirmed_balance': 734343, u'address': u'12st4BrVDSG4vJgkeXnPxvrSfnbHbdwGKT', u'final_n_tx': 1, u'balance': 0, u'n_tx': 0}"
2017-09-18 20:19:31.565568, priority="Debug", class="Crypto", method="do_api_request", execution_time"0.635143041611", coin_request_id"41063e2d-b21f-49ca-9796-24bfec347e24", request_id"92f6c535-6887-4d9c-a1e1-1d4287f2ac61", action"Method finished"
2017-09-18 20:19:31.566504, priority="Debug", class="Crypto", method="calculate_value", coin"btc", coin_request_id"41063e2d-b21f-49ca-9796-24bfec347e24", request_id"92f6c535-6887-4d9c-a1e1-1d4287f2ac61", action"Method called", balance"0.0"
2017-09-18 20:19:31.566611, priority="Debug", class="Crypto", method="do_api_request", url"https://www.bitstamp.net/api/v2/ticker_hour/btceur/", coin_request_id"41063e2d-b21f-49ca-9796-24bfec347e24", request_id"92f6c535-6887-4d9c-a1e1-1d4287f2ac61", action"Method called"
2017-09-18 20:19:31.566698, priority="Info", class="Crypto", method="do_api_request", url"https://www.bitstamp.net/api/v2/ticker_hour/btceur/", coin_request_id"41063e2d-b21f-49ca-9796-24bfec347e24", request_id"92f6c535-6887-4d9c-a1e1-1d4287f2ac61", action"Placing API request"
2017-09-18 20:19:31.694263, priority="Info", class="Crypto", method="do_api_request", status"200", url"https://www.bitstamp.net/api/v2/ticker_hour/btceur/", coin_request_id"41063e2d-b21f-49ca-9796-24bfec347e24", result"Request received", request_id"92f6c535-6887-4d9c-a1e1-1d4287f2ac61", data"{u'volume': u'159.34585110', u'last': u'3386.09', u'timestamp': u'1505758771', u'bid': u'3386.09', u'vwap': u'3363.99', u'high': u'3399.99', u'low': u'3325.00', u'ask': u'3399.89', u'open': u'3380.01'}"
2017-09-18 20:19:31.694435, priority="Debug", class="Crypto", method="do_api_request", execution_time"0.127816915512", coin_request_id"41063e2d-b21f-49ca-9796-24bfec347e24", request_id"92f6c535-6887-4d9c-a1e1-1d4287f2ac61", action"Method finished"
2017-09-18 20:20:20.371670, priority="Debug", class="Crypto", method="request_balances", action"Method called", request_id"8175a6ea-e8d4-417a-92b9-725f6f090025"
2017-09-18 20:20:20.371979, priority="Debug", class="Crypto", method="request_coin_balance", coin_request_id"06289351-70c5-46c9-95ef-b8d9a0266054", request_id"8175a6ea-e8d4-417a-92b9-725f6f090025", action"Method called", coin"btc"
2017-09-18 20:20:20.373028, priority="Debug", class="Crypto", method="do_api_request", url"https://api.blockcypher.com/v1/btc/main/addrs/12st4BrVDSG4vJgkeXnPxvrSfnbHbdwGKT/balance", coin_request_id"06289351-70c5-46c9-95ef-b8d9a0266054", request_id"8175a6ea-e8d4-417a-92b9-725f6f090025", action"Method called"
2017-09-18 20:20:20.373215, priority="Info", class="Crypto", method="do_api_request", url"https://api.blockcypher.com/v1/btc/main/addrs/12st4BrVDSG4vJgkeXnPxvrSfnbHbdwGKT/balance", coin_request_id"06289351-70c5-46c9-95ef-b8d9a0266054", request_id"8175a6ea-e8d4-417a-92b9-725f6f090025", action"Placing API request"
2017-09-18 20:20:21.015406, priority="Info", class="Crypto", method="do_api_request", status"200", url"https://api.blockcypher.com/v1/btc/main/addrs/12st4BrVDSG4vJgkeXnPxvrSfnbHbdwGKT/balance", coin_request_id"06289351-70c5-46c9-95ef-b8d9a0266054", result"Request received", request_id"8175a6ea-e8d4-417a-92b9-725f6f090025", data"{u'unconfirmed_n_tx': 1, u'total_sent': 0, u'total_received': 0, u'final_balance': 734343, u'unconfirmed_balance': 734343, u'address': u'12st4BrVDSG4vJgkeXnPxvrSfnbHbdwGKT', u'final_n_tx': 1, u'balance': 0, u'n_tx': 0}"
2017-09-18 20:20:21.015572, priority="Debug", class="Crypto", method="do_api_request", execution_time"0.642562866211", coin_request_id"06289351-70c5-46c9-95ef-b8d9a0266054", request_id"8175a6ea-e8d4-417a-92b9-725f6f090025", action"Method finished"
2017-09-18 20:20:21.016608, priority="Debug", class="Crypto", method="calculate_value", coin"btc", coin_request_id"06289351-70c5-46c9-95ef-b8d9a0266054", request_id"8175a6ea-e8d4-417a-92b9-725f6f090025", action"Method called", balance"0.00734343"
2017-09-18 20:20:21.016735, priority="Debug", class="Crypto", method="do_api_request", url"https://www.bitstamp.net/api/v2/ticker_hour/btceur/", coin_request_id"06289351-70c5-46c9-95ef-b8d9a0266054", request_id"8175a6ea-e8d4-417a-92b9-725f6f090025", action"Method called"
2017-09-18 20:20:21.016859, priority="Info", class="Crypto", method="do_api_request", url"https://www.bitstamp.net/api/v2/ticker_hour/btceur/", coin_request_id"06289351-70c5-46c9-95ef-b8d9a0266054", request_id"8175a6ea-e8d4-417a-92b9-725f6f090025", action"Placing API request"
2017-09-18 20:20:21.154334, priority="Info", class="Crypto", method="do_api_request", status"200", url"https://www.bitstamp.net/api/v2/ticker_hour/btceur/", coin_request_id"06289351-70c5-46c9-95ef-b8d9a0266054", result"Request received", request_id"8175a6ea-e8d4-417a-92b9-725f6f090025", data"{u'volume': u'157.15468773', u'last': u'3386.09', u'timestamp': u'1505758821', u'bid': u'3386.09', u'vwap': u'3364.16', u'high': u'3399.99', u'low': u'3325.00', u'ask': u'3387.00', u'open': u'3380.01'}"
2017-09-18 20:20:21.154497, priority="Debug", class="Crypto", method="do_api_request", execution_time"0.137756109238", coin_request_id"06289351-70c5-46c9-95ef-b8d9a0266054", request_id"8175a6ea-e8d4-417a-92b9-725f6f090025", action"Method finished"
2017-09-18 20:20:21.155596, priority="Debug", class="Crypto", method="write_balance_to_file", execution_time"0.138983011246", value"24.87", coin_request_id"06289351-70c5-46c9-95ef-b8d9a0266054", request_id"8175a6ea-e8d4-417a-92b9-725f6f090025", action"Method finished"
2017-09-18 20:20:21.155717, priority="Debug", class="Crypto", method="request_coin_balance", file_name"btc_requests_rapport.csv", action"Method called", balance_coin"0.00734343", request_id"8175a6ea-e8d4-417a-92b9-725f6f090025", current_value"24.87", coin_request_id"06289351-70c5-46c9-95ef-b8d9a0266054", balance_sat"734343.0", coin"btc"
2017-09-18 20:20:21.155862, priority="Debug", class="General", method="append_to_file", action"Method called", file_name"btc_requests_rapport.csv", string""2017-09-18 20:20:21.155824","Anton","btc","734343.0","0.00734343","24.87"
"
2017-09-18 20:20:21.155995, priority="Debug", class="General", method="append_to_file", action"Method finished", execution_time"0.000128984451294"
2017-09-18 20:20:21.156062, priority="Debug", class="Crypto", method="write_balance_to_file", execution_time"0.000344038009644", coin_request_id"06289351-70c5-46c9-95ef-b8d9a0266054", request_id"8175a6ea-e8d4-417a-92b9-725f6f090025", action"Method finished"
2017-09-18 20:20:21.156233, priority="Debug", class="Crypto", method="request_coin_balance", execution_time"0.784249067307", coin_request_id"06289351-70c5-46c9-95ef-b8d9a0266054", request_id"8175a6ea-e8d4-417a-92b9-725f6f090025", action"Method finished"
2017-09-18 20:20:27.603495, priority="Debug", class="Crypto", method="request_balances", action"Method called", request_id"c253da37-2202-430f-83b8-4af9b5148aa9"
2017-09-18 20:20:27.603768, priority="Debug", class="Crypto", method="request_coin_balance", coin_request_id"aab5c3ad-56fa-47ca-a02c-83418237943a", request_id"c253da37-2202-430f-83b8-4af9b5148aa9", action"Method called", coin"btc"
2017-09-18 20:20:27.604697, priority="Debug", class="Crypto", method="do_api_request", url"https://api.blockcypher.com/v1/btc/main/addrs/12st4BrVDSG4vJgkeXnPxvrSfnbHbdwGKT/balance", coin_request_id"aab5c3ad-56fa-47ca-a02c-83418237943a", request_id"c253da37-2202-430f-83b8-4af9b5148aa9", action"Method called"
2017-09-18 20:20:27.604815, priority="Info", class="Crypto", method="do_api_request", url"https://api.blockcypher.com/v1/btc/main/addrs/12st4BrVDSG4vJgkeXnPxvrSfnbHbdwGKT/balance", coin_request_id"aab5c3ad-56fa-47ca-a02c-83418237943a", request_id"c253da37-2202-430f-83b8-4af9b5148aa9", action"Placing API request"
2017-09-18 20:20:28.356523, priority="Info", class="Crypto", method="do_api_request", status"200", url"https://api.blockcypher.com/v1/btc/main/addrs/12st4BrVDSG4vJgkeXnPxvrSfnbHbdwGKT/balance", coin_request_id"aab5c3ad-56fa-47ca-a02c-83418237943a", result"Request received", request_id"c253da37-2202-430f-83b8-4af9b5148aa9", data"{u'unconfirmed_n_tx': 1, u'total_sent': 0, u'total_received': 0, u'final_balance': 734343, u'unconfirmed_balance': 734343, u'address': u'12st4BrVDSG4vJgkeXnPxvrSfnbHbdwGKT', u'final_n_tx': 1, u'balance': 0, u'n_tx': 0}"
2017-09-18 20:20:28.356688, priority="Debug", class="Crypto", method="do_api_request", execution_time"0.751996994019", coin_request_id"aab5c3ad-56fa-47ca-a02c-83418237943a", request_id"c253da37-2202-430f-83b8-4af9b5148aa9", action"Method finished"
2017-09-18 20:20:28.357808, priority="Debug", class="Crypto", method="calculate_value", coin"btc", coin_request_id"aab5c3ad-56fa-47ca-a02c-83418237943a", request_id"c253da37-2202-430f-83b8-4af9b5148aa9", action"Method called", balance"0.00734343"
2017-09-18 20:20:28.357986, priority="Debug", class="Crypto", method="do_api_request", url"https://www.bitstamp.net/api/v2/ticker_hour/btceur/", coin_request_id"aab5c3ad-56fa-47ca-a02c-83418237943a", request_id"c253da37-2202-430f-83b8-4af9b5148aa9", action"Method called"
2017-09-18 20:20:28.358149, priority="Info", class="Crypto", method="do_api_request", url"https://www.bitstamp.net/api/v2/ticker_hour/btceur/", coin_request_id"aab5c3ad-56fa-47ca-a02c-83418237943a", request_id"c253da37-2202-430f-83b8-4af9b5148aa9", action"Placing API request"
2017-09-18 20:20:28.455421, priority="Info", class="Crypto", method="do_api_request", status"200", url"https://www.bitstamp.net/api/v2/ticker_hour/btceur/", coin_request_id"aab5c3ad-56fa-47ca-a02c-83418237943a", result"Request received", request_id"c253da37-2202-430f-83b8-4af9b5148aa9", data"{u'volume': u'148.63457055', u'last': u'3387.00', u'timestamp': u'1505758827', u'bid': u'3386.09', u'vwap': u'3364.98', u'high': u'3399.99', u'low': u'3325.00', u'ask': u'3387.00', u'open': u'3380.01'}"
2017-09-18 20:20:28.455587, priority="Debug", class="Crypto", method="do_api_request", execution_time"0.0975949764252", coin_request_id"aab5c3ad-56fa-47ca-a02c-83418237943a", request_id"c253da37-2202-430f-83b8-4af9b5148aa9", action"Method finished"
2017-09-18 20:20:28.456683, priority="Debug", class="Crypto", method="write_balance_to_file", execution_time"0.0988709926605", value"24.87", coin_request_id"aab5c3ad-56fa-47ca-a02c-83418237943a", request_id"c253da37-2202-430f-83b8-4af9b5148aa9", action"Method finished"
2017-09-18 20:20:28.456821, priority="Debug", class="Crypto", method="request_coin_balance", file_name"btc_requests_rapport.csv", action"Method called", balance_coin"0.00734343", request_id"c253da37-2202-430f-83b8-4af9b5148aa9", current_value"24.87", coin_request_id"aab5c3ad-56fa-47ca-a02c-83418237943a", balance_sat"734343.0", coin"btc"
2017-09-18 20:20:28.456972, priority="Debug", class="General", method="append_to_file", action"Method called", file_name"btc_requests_rapport.csv", string""2017-09-18 20:20:28.456936","Anton","btc","734343.0","0.00734343","24.87"
"
2017-09-18 20:20:28.457090, priority="Debug", class="General", method="append_to_file", action"Method finished", execution_time"0.000107049942017"
2017-09-18 20:20:28.457192, priority="Debug", class="Crypto", method="write_balance_to_file", execution_time"0.000367164611816", coin_request_id"aab5c3ad-56fa-47ca-a02c-83418237943a", request_id"c253da37-2202-430f-83b8-4af9b5148aa9", action"Method finished"
2017-09-18 20:20:28.457295, priority="Debug", class="Crypto", method="request_coin_balance", execution_time"0.853521108627", coin_request_id"aab5c3ad-56fa-47ca-a02c-83418237943a", request_id"c253da37-2202-430f-83b8-4af9b5148aa9", action"Method finished"
2017-09-18 20:20:28.457548, priority="Debug", class="Crypto", method="request_coin_balance", coin_request_id"d7bf1e9c-9b22-4447-99a6-5bd4452f0421", request_id"c253da37-2202-430f-83b8-4af9b5148aa9", action"Method called", coin"ltc"
2017-09-18 20:20:28.457638, priority="Debug", class="Crypto", method="do_api_request", url"https://api.blockcypher.com/v1/ltc/main/addrs/LMWPhNFedT8e6X7iRQdh456hvZwYnxyStV/balance", coin_request_id"d7bf1e9c-9b22-4447-99a6-5bd4452f0421", request_id"c253da37-2202-430f-83b8-4af9b5148aa9", action"Method called"
2017-09-18 20:20:28.457793, priority="Info", class="Crypto", method="do_api_request", url"https://api.blockcypher.com/v1/ltc/main/addrs/LMWPhNFedT8e6X7iRQdh456hvZwYnxyStV/balance", coin_request_id"d7bf1e9c-9b22-4447-99a6-5bd4452f0421", request_id"c253da37-2202-430f-83b8-4af9b5148aa9", action"Placing API request"
2017-09-18 20:20:29.009341, priority="Info", class="Crypto", method="do_api_request", status"200", url"https://api.blockcypher.com/v1/ltc/main/addrs/LMWPhNFedT8e6X7iRQdh456hvZwYnxyStV/balance", coin_request_id"d7bf1e9c-9b22-4447-99a6-5bd4452f0421", result"Request received", request_id"c253da37-2202-430f-83b8-4af9b5148aa9", data"{u'unconfirmed_n_tx': 0, u'total_sent': 0, u'total_received': 53065134, u'final_balance': 53065134, u'unconfirmed_balance': 0, u'address': u'LMWPhNFedT8e6X7iRQdh456hvZwYnxyStV', u'final_n_tx': 1, u'balance': 53065134, u'n_tx': 1}"
2017-09-18 20:20:29.009515, priority="Debug", class="Crypto", method="do_api_request", execution_time"0.551869869232", coin_request_id"d7bf1e9c-9b22-4447-99a6-5bd4452f0421", request_id"c253da37-2202-430f-83b8-4af9b5148aa9", action"Method finished"
2017-09-18 20:20:29.010600, priority="Debug", class="Crypto", method="calculate_value", coin"ltc", coin_request_id"d7bf1e9c-9b22-4447-99a6-5bd4452f0421", request_id"c253da37-2202-430f-83b8-4af9b5148aa9", action"Method called", balance"0.53065134"
2017-09-18 20:20:29.010726, priority="Debug", class="Crypto", method="do_api_request", url"https://www.bitstamp.net/api/v2/ticker_hour/ltceur/", coin_request_id"d7bf1e9c-9b22-4447-99a6-5bd4452f0421", request_id"c253da37-2202-430f-83b8-4af9b5148aa9", action"Method called"
2017-09-18 20:20:29.010799, priority="Info", class="Crypto", method="do_api_request", url"https://www.bitstamp.net/api/v2/ticker_hour/ltceur/", coin_request_id"d7bf1e9c-9b22-4447-99a6-5bd4452f0421", request_id"c253da37-2202-430f-83b8-4af9b5148aa9", action"Placing API request"
2017-09-18 20:20:29.104694, priority="Info", class="Crypto", method="do_api_request", status"200", url"https://www.bitstamp.net/api/v2/ticker_hour/ltceur/", coin_request_id"d7bf1e9c-9b22-4447-99a6-5bd4452f0421", result"Request received", request_id"c253da37-2202-430f-83b8-4af9b5148aa9", data"{u'volume': u'1321.85498976', u'last': u'46.62', u'timestamp': u'1505758826', u'bid': u'46.74', u'vwap': u'46.78', u'high': u'47.27', u'low': u'46.17', u'ask': u'46.95', u'open': u'46.90'}"
2017-09-18 20:20:29.104866, priority="Debug", class="Crypto", method="do_api_request", execution_time"0.0941350460052", coin_request_id"d7bf1e9c-9b22-4447-99a6-5bd4452f0421", request_id"c253da37-2202-430f-83b8-4af9b5148aa9", action"Method finished"
2017-09-18 20:20:29.105923, priority="Debug", class="Crypto", method="write_balance_to_file", execution_time"0.0953168869019", value"24.74", coin_request_id"d7bf1e9c-9b22-4447-99a6-5bd4452f0421", request_id"c253da37-2202-430f-83b8-4af9b5148aa9", action"Method finished"
2017-09-18 20:20:29.106044, priority="Debug", class="Crypto", method="request_coin_balance", file_name"ltc_requests_rapport.csv", action"Method called", balance_coin"0.53065134", request_id"c253da37-2202-430f-83b8-4af9b5148aa9", current_value"24.74", coin_request_id"d7bf1e9c-9b22-4447-99a6-5bd4452f0421", balance_sat"53065134.0", coin"ltc"
2017-09-18 20:20:29.106182, priority="Debug", class="General", method="append_to_file", action"Method called", file_name"ltc_requests_rapport.csv", string""2017-09-18 20:20:29.106146","Anton","ltc","53065134.0","0.53065134","24.74"
"
2017-09-18 20:20:29.106499, priority="Debug", class="General", method="append_to_file", action"Method finished", execution_time"0.000308990478516"
2017-09-18 20:20:29.106602, priority="Debug", class="Crypto", method="write_balance_to_file", execution_time"0.000550031661987", coin_request_id"d7bf1e9c-9b22-4447-99a6-5bd4452f0421", request_id"c253da37-2202-430f-83b8-4af9b5148aa9", action"Method finished"
2017-09-18 20:20:29.106709, priority="Debug", class="Crypto", method="request_coin_balance", execution_time"0.649154901505", coin_request_id"d7bf1e9c-9b22-4447-99a6-5bd4452f0421", request_id"c253da37-2202-430f-83b8-4af9b5148aa9", action"Method finished"
2017-09-18 20:20:29.106900, priority="Debug", class="Crypto", method="request_balances", action"Method finished", execution_time"1.50340390205"
2017-09-18 20:20:41.271658, priority="Debug", class="Crypto", method="request_balances", action"Method called", request_id"69fea77c-5450-4e72-9757-22f06f7405a4"
2017-09-18 20:20:41.271920, priority="Debug", class="Crypto", method="request_coin_balance", coin_request_id"519d2282-5841-4743-a7bd-6c8fbdbebf9d", request_id"69fea77c-5450-4e72-9757-22f06f7405a4", action"Method called", coin"btc"
2017-09-18 20:20:41.272852, priority="Debug", class="Crypto", method="do_api_request", url"https://api.blockcypher.com/v1/btc/main/addrs/12st4BrVDSG4vJgkeXnPxvrSfnbHbdwGKT/balance", coin_request_id"519d2282-5841-4743-a7bd-6c8fbdbebf9d", request_id"69fea77c-5450-4e72-9757-22f06f7405a4", action"Method called"
2017-09-18 20:20:41.272965, priority="Info", class="Crypto", method="do_api_request", url"https://api.blockcypher.com/v1/btc/main/addrs/12st4BrVDSG4vJgkeXnPxvrSfnbHbdwGKT/balance", coin_request_id"519d2282-5841-4743-a7bd-6c8fbdbebf9d", request_id"69fea77c-5450-4e72-9757-22f06f7405a4", action"Placing API request"
2017-09-18 20:20:41.865844, priority="Info", class="Crypto", method="do_api_request", status"200", url"https://api.blockcypher.com/v1/btc/main/addrs/12st4BrVDSG4vJgkeXnPxvrSfnbHbdwGKT/balance", coin_request_id"519d2282-5841-4743-a7bd-6c8fbdbebf9d", result"Request received", request_id"69fea77c-5450-4e72-9757-22f06f7405a4", data"{u'unconfirmed_n_tx': 1, u'total_sent': 0, u'total_received': 0, u'final_balance': 734343, u'unconfirmed_balance': 734343, u'address': u'12st4BrVDSG4vJgkeXnPxvrSfnbHbdwGKT', u'final_n_tx': 1, u'balance': 0, u'n_tx': 0}"
2017-09-18 20:20:41.866006, priority="Debug", class="Crypto", method="do_api_request", execution_time"0.593163013458", coin_request_id"519d2282-5841-4743-a7bd-6c8fbdbebf9d", request_id"69fea77c-5450-4e72-9757-22f06f7405a4", action"Method finished"
2017-09-18 20:20:41.867107, priority="Debug", class="Crypto", method="calculate_value", coin"btc", coin_request_id"519d2282-5841-4743-a7bd-6c8fbdbebf9d", request_id"69fea77c-5450-4e72-9757-22f06f7405a4", action"Method called", balance"0.00734343"
2017-09-18 20:20:41.867261, priority="Debug", class="Crypto", method="do_api_request", url"https://www.bitstamp.net/api/v2/ticker_hour/btceur/", coin_request_id"519d2282-5841-4743-a7bd-6c8fbdbebf9d", request_id"69fea77c-5450-4e72-9757-22f06f7405a4", action"Method called"
2017-09-18 20:20:41.867384, priority="Info", class="Crypto", method="do_api_request", url"https://www.bitstamp.net/api/v2/ticker_hour/btceur/", coin_request_id"519d2282-5841-4743-a7bd-6c8fbdbebf9d", request_id"69fea77c-5450-4e72-9757-22f06f7405a4", action"Placing API request"
2017-09-18 20:20:42.038505, priority="Info", class="Crypto", method="do_api_request", status"200", url"https://www.bitstamp.net/api/v2/ticker_hour/btceur/", coin_request_id"519d2282-5841-4743-a7bd-6c8fbdbebf9d", result"Request received", request_id"69fea77c-5450-4e72-9757-22f06f7405a4", data"{u'volume': u'144.16968011', u'last': u'3387.00', u'timestamp': u'1505758841', u'bid': u'3386.09', u'vwap': u'3365.60', u'high': u'3399.99', u'low': u'3325.00', u'ask': u'3387.00', u'open': u'3380.01'}"
2017-09-18 20:20:42.038932, priority="Debug", class="Crypto", method="do_api_request", execution_time"0.171650886536", coin_request_id"519d2282-5841-4743-a7bd-6c8fbdbebf9d", request_id"69fea77c-5450-4e72-9757-22f06f7405a4", action"Method finished"
2017-09-18 20:20:42.039974, priority="Debug", class="Crypto", method="write_balance_to_file", execution_time"0.172835111618", value"24.87", coin_request_id"519d2282-5841-4743-a7bd-6c8fbdbebf9d", request_id"69fea77c-5450-4e72-9757-22f06f7405a4", action"Method finished"
2017-09-18 20:20:42.040171, priority="Debug", class="Crypto", method="request_coin_balance", file_name"btc_requests_rapport.csv", action"Method called", balance_coin"0.00734343", request_id"69fea77c-5450-4e72-9757-22f06f7405a4", current_value"24.87", coin_request_id"519d2282-5841-4743-a7bd-6c8fbdbebf9d", balance_sat"734343.0", coin"btc"
2017-09-18 20:20:42.040371, priority="Debug", class="General", method="append_to_file", action"Method called", file_name"btc_requests_rapport.csv", string""2017-09-18 20:20:42.040326","Anton","btc","734343.0","0.00734343","24.87"
"
2017-09-18 20:20:42.040559, priority="Debug", class="General", method="append_to_file", action"Method finished", execution_time"0.000181913375854"
2017-09-18 20:20:42.040713, priority="Debug", class="Crypto", method="write_balance_to_file", execution_time"0.000538110733032", coin_request_id"519d2282-5841-4743-a7bd-6c8fbdbebf9d", request_id"69fea77c-5450-4e72-9757-22f06f7405a4", action"Method finished"
2017-09-18 20:20:42.040872, priority="Debug", class="Crypto", method="request_coin_balance", execution_time"0.768944978714", coin_request_id"519d2282-5841-4743-a7bd-6c8fbdbebf9d", request_id"69fea77c-5450-4e72-9757-22f06f7405a4", action"Method finished"
2017-09-18 20:20:42.041068, priority="Debug", class="Crypto", method="request_balances", action"Method finished", execution_time"0.76941204071"
